Shape of X [N, C, H, W]: torch.Size([64, 1, 28, 28])
Shape of y: torch.Size([64]) torch.int64
Using cuda device
NeuralNetwork(
  (flatten): Flatten(start_dim=1, end_dim=-1)
  (linear_relu_stack): Sequential(
    (0): Linear(in_features=784, out_features=512, bias=True)
    (1): ReLU()
    (2): Linear(in_features=512, out_features=512, bias=True)
    (3): ReLU()
    (4): Linear(in_features=512, out_features=10, bias=True)
  )
)
Epoch 1
-------------------------------
loss: 2.310716  [   64/60000]
loss: 2.293702  [ 6464/60000]
loss: 2.270655  [12864/60000]
loss: 2.262504  [19264/60000]
loss: 2.254951  [25664/60000]
loss: 2.232359  [32064/60000]
loss: 2.246435  [38464/60000]
loss: 2.214365  [44864/60000]
loss: 2.209758  [51264/60000]
loss: 2.194405  [57664/60000]
Test Error: 
 Accuracy: 46.2%, Avg loss: 2.174852 

Epoch 2
-------------------------------
loss: 2.184091  [   64/60000]
loss: 2.169046  [ 6464/60000]
loss: 2.112911  [12864/60000]
loss: 2.130892  [19264/60000]
loss: 2.086638  [25664/60000]
loss: 2.039995  [32064/60000]
loss: 2.073524  [38464/60000]
loss: 1.996573  [44864/60000]
loss: 2.002831  [51264/60000]
loss: 1.956693  [57664/60000]
Test Error: 
 Accuracy: 55.2%, Avg loss: 1.929923 

Epoch 3
-------------------------------
loss: 1.957762  [   64/60000]
loss: 1.923511  [ 6464/60000]
loss: 1.807730  [12864/60000]
loss: 1.853385  [19264/60000]
loss: 1.746159  [25664/60000]
loss: 1.705558  [32064/60000]
loss: 1.733889  [38464/60000]
loss: 1.630994  [44864/60000]
loss: 1.656973  [51264/60000]
loss: 1.572917  [57664/60000]
Test Error: 
 Accuracy: 60.8%, Avg loss: 1.565200 

Epoch 4
-------------------------------
loss: 1.627645  [   64/60000]
loss: 1.588493  [ 6464/60000]
loss: 1.438434  [12864/60000]
loss: 1.507365  [19264/60000]
loss: 1.384479  [25664/60000]
loss: 1.387923  [32064/60000]
loss: 1.400650  [38464/60000]
loss: 1.325531  [44864/60000]
loss: 1.359854  [51264/60000]
loss: 1.268534  [57664/60000]
Test Error: 
 Accuracy: 63.4%, Avg loss: 1.282752 

Epoch 5
-------------------------------
loss: 1.359584  [   64/60000]
loss: 1.338055  [ 6464/60000]
loss: 1.173858  [12864/60000]
loss: 1.268390  [19264/60000]
loss: 1.140677  [25664/60000]
loss: 1.176862  [32064/60000]
loss: 1.192938  [38464/60000]
loss: 1.133389  [44864/60000]
loss: 1.172801  [51264/60000]
loss: 1.091076  [57664/60000]
Test Error: 
 Accuracy: 64.7%, Avg loss: 1.106353 

Epoch 6
-------------------------------
loss: 1.178059  [   64/60000]
loss: 1.176655  [ 6464/60000]
loss: 0.997355  [12864/60000]
loss: 1.119550  [19264/60000]
loss: 0.989559  [25664/60000]
loss: 1.034967  [32064/60000]
loss: 1.067286  [38464/60000]
loss: 1.011150  [44864/60000]
loss: 1.053306  [51264/60000]
loss: 0.981593  [57664/60000]
Test Error: 
 Accuracy: 65.8%, Avg loss: 0.993283 

Done!
Saved PyTorch Model State to model.pth
